{
  "RSpec": {
    "coverage": {
      "/home/nxivon/ESI_2024/app/helpers/application_helper.rb": [
        null,
        1,
        1,
        null,
        0,
        null,
        null
      ],
      "/home/nxivon/ESI_2024/app/helpers/friendships_helper.rb": [
        1,
        null
      ],
      "/home/nxivon/ESI_2024/app/helpers/home_helper.rb": [
        1,
        null
      ],
      "/home/nxivon/ESI_2024/app/helpers/lists_helper.rb": [
        null,
        1,
        null,
        null
      ],
      "/home/nxivon/ESI_2024/app/models/item.rb": [
        null,
        1,
        1,
        1,
        null,
        1,
        1,
        1,
        1,
        null,
        null,
        null,
        null,
        null,
        4,
        null,
        null,
        1,
        0,
        null,
        null,
        null,
        1,
        0,
        null,
        null,
        null,
        1,
        0,
        null,
        null
      ],
      "/home/nxivon/ESI_2024/app/models/application_record.rb": [
        1,
        1,
        null
      ],
      "/home/nxivon/ESI_2024/app/models/list.rb": [
        1,
        1,
        null,
        null,
        1,
        1,
        1,
        1,
        null,
        null,
        1,
        1,
        null,
        null,
        1,
        0,
        null,
        null,
        1,
        0,
        null,
        null,
        null,
        1,
        4,
        null,
        null,
        3,
        null,
        3,
        null,
        null,
        3,
        6,
        null,
        null,
        null,
        6,
        null,
        null,
        null,
        null,
        null,
        null,
        3,
        null,
        null
      ],
      "/home/nxivon/ESI_2024/app/models/user.rb": [
        null,
        1,
        1,
        null,
        1,
        1,
        1,
        1,
        null,
        1,
        1,
        1,
        1,
        null,
        1,
        1,
        null
      ],
      "/home/nxivon/ESI_2024/app/models/list_share.rb": [
        1,
        1,
        1,
        1,
        null
      ],
      "/home/nxivon/ESI_2024/app/controllers/application_controller.rb": [
        null,
        1,
        1,
        null,
        1,
        null,
        1,
        3,
        null,
        null,
        1,
        0,
        null,
        null,
        1,
        0,
        0,
        0,
        null,
        null,
        null,
        1,
        2,
        null,
        null,
        1,
        15,
        null,
        null,
        1,
        12,
        0,
        0,
        null,
        null,
        null
      ],
      "/home/nxivon/ESI_2024/app/controllers/lists_controller.rb": [
        null,
        1,
        1,
        null,
        1,
        null,
        null,
        1,
        null,
        0,
        0,
        null,
        null,
        null,
        1,
        0,
        null,
        null,
        null,
        1,
        4,
        null,
        4,
        null,
        4,
        null,
        1,
        null,
        1,
        null,
        1,
        null,
        1,
        null,
        null,
        null,
        4,
        null,
        null,
        null,
        1,
        0,
        0,
        null,
        null,
        0,
        0,
        0,
        null,
        0,
        0,
        null,
        null,
        null,
        0,
        0,
        null,
        0,
        null,
        null,
        null,
        null,
        1,
        null,
        null,
        null,
        1,
        0,
        0,
        null,
        0,
        null,
        null,
        null,
        null,
        1,
        0,
        0,
        null,
        null,
        1,
        0,
        null,
        null,
        0,
        0,
        0,
        null,
        null,
        null,
        0,
        null,
        0,
        0,
        0,
        0,
        null,
        null,
        0,
        0,
        null,
        null,
        null,
        null,
        1,
        0,
        null,
        0,
        0,
        0,
        null,
        0,
        null,
        null,
        null,
        null,
        1,
        null,
        null,
        2,
        1,
        1,
        null,
        null,
        1,
        null,
        1,
        1,
        1,
        null,
        null,
        1,
        null,
        null,
        0,
        0,
        0,
        null,
        null,
        0,
        null,
        null,
        0,
        0,
        0,
        0,
        null,
        null,
        0,
        null,
        null,
        null,
        null,
        1,
        null,
        1,
        6,
        6,
        null,
        0,
        null,
        6,
        null,
        null,
        1,
        0,
        null,
        null,
        null,
        null,
        null
      ],
      "/home/nxivon/ESI_2024/app/controllers/items_controller.rb": [
        1,
        1,
        1,
        1,
        null,
        null,
        null,
        1,
        4,
        4,
        4,
        null,
        null,
        null,
        null,
        1,
        0,
        null,
        0,
        null,
        null,
        null,
        1,
        0,
        0,
        0,
        null,
        0,
        null,
        null,
        0,
        0,
        0,
        null,
        null,
        null,
        1,
        0,
        0,
        0,
        0,
        null,
        null,
        0,
        0,
        0,
        null,
        null,
        null,
        null,
        null,
        1,
        null,
        2,
        2,
        null,
        2,
        2,
        4,
        2,
        null,
        null,
        0,
        0,
        0,
        null,
        null,
        null,
        null,
        null,
        1,
        0,
        0,
        null,
        0,
        0,
        null,
        null,
        null,
        null,
        1,
        0,
        0,
        null,
        null,
        1,
        null,
        null,
        1,
        null,
        2,
        null,
        null,
        1,
        null,
        6,
        null,
        null,
        1,
        0,
        null,
        null
      ],
      "/home/nxivon/ESI_2024/app/controllers/friendships_controller.rb": [
        null,
        1,
        1,
        null,
        1,
        0,
        null,
        null,
        1,
        0,
        null,
        0,
        0,
        0,
        null,
        null,
        0,
        null,
        0,
        0,
        null,
        0,
        null,
        null,
        null,
        1,
        0,
        0,
        0,
        null,
        null
      ],
      "/home/nxivon/ESI_2024/app/controllers/home_controller.rb": [
        null,
        1,
        1,
        1,
        0,
        null,
        1,
        null,
        null,
        null
      ],
      "/home/nxivon/ESI_2024/app/channels/application_cable/channel.rb": [
        0,
        0,
        0,
        0
      ],
      "/home/nxivon/ESI_2024/app/channels/application_cable/connection.rb": [
        0,
        0,
        0,
        0
      ],
      "/home/nxivon/ESI_2024/app/controllers/sessions_controller.rb": [
        null,
        0,
        0,
        null,
        0,
        null,
        0,
        0,
        null,
        0,
        0,
        0,
        0,
        0,
        0,
        0,
        0,
        null,
        0,
        0,
        0,
        0,
        0
      ],
      "/home/nxivon/ESI_2024/app/controllers/users_controller.rb": [
        null,
        0,
        0,
        0,
        0,
        null,
        0,
        0,
        null,
        0,
        0,
        0,
        0,
        0,
        0,
        0,
        null,
        0,
        null,
        0,
        0,
        0,
        0
      ],
      "/home/nxivon/ESI_2024/app/jobs/application_job.rb": [
        0,
        null,
        null,
        null,
        null,
        null,
        0
      ],
      "/home/nxivon/ESI_2024/app/mailers/application_mailer.rb": [
        0,
        0,
        0,
        0
      ],
      "/home/nxivon/ESI_2024/app/models/friendship.rb": [
        null,
        0,
        0,
        0,
        null,
        0,
        0,
        null,
        0,
        null,
        0,
        0,
        0,
        0
      ],
      "/home/nxivon/ESI_2024/app/models/tag.rb": [
        0,
        0,
        0,
        null,
        null,
        0,
        0,
        0,
        0
      ],
      "/home/nxivon/ESI_2024/app/models/tagging.rb": [
        0,
        0,
        0,
        0
      ],
      "/home/nxivon/ESI_2024/app/services/criar_multiplas_listas.rb": [
        0,
        null,
        null,
        null,
        0,
        0,
        0,
        0,
        null,
        0,
        0,
        0,
        0,
        0,
        0,
        0,
        0
      ]
    },
    "timestamp": 1765721586
  },
  "Cucumber Features": {
    "coverage": {
      "/home/nxivon/ESI_2024/app/models/user.rb": [
        null,
        1,
        1,
        null,
        1,
        1,
        1,
        1,
        null,
        1,
        1,
        1,
        1,
        null,
        1,
        1,
        null
      ],
      "/home/nxivon/ESI_2024/app/models/application_record.rb": [
        1,
        1,
        null
      ],
      "/home/nxivon/ESI_2024/app/controllers/sessions_controller.rb": [
        null,
        1,
        1,
        null,
        null,
        null,
        1,
        45,
        null,
        45,
        45,
        45,
        null,
        0,
        0,
        null,
        null,
        null,
        1,
        2,
        2,
        null,
        null
      ],
      "/home/nxivon/ESI_2024/app/controllers/application_controller.rb": [
        null,
        1,
        1,
        null,
        1,
        null,
        1,
        406,
        null,
        null,
        1,
        0,
        null,
        null,
        1,
        0,
        0,
        0,
        null,
        null,
        null,
        1,
        1,
        null,
        null,
        1,
        117,
        null,
        null,
        1,
        114,
        0,
        0,
        null,
        null,
        null
      ],
      "/home/nxivon/ESI_2024/app/helpers/application_helper.rb": [
        null,
        1,
        1,
        null,
        0,
        null,
        null
      ],
      "/home/nxivon/ESI_2024/app/helpers/friendships_helper.rb": [
        1,
        null
      ],
      "/home/nxivon/ESI_2024/app/helpers/home_helper.rb": [
        1,
        null
      ],
      "/home/nxivon/ESI_2024/app/helpers/lists_helper.rb": [
        null,
        1,
        null,
        null
      ],
      "/home/nxivon/ESI_2024/app/controllers/lists_controller.rb": [
        null,
        1,
        1,
        null,
        1,
        null,
        null,
        1,
        null,
        52,
        52,
        null,
        null,
        null,
        1,
        4,
        null,
        null,
        null,
        1,
        32,
        null,
        32,
        null,
        32,
        null,
        1,
        null,
        1,
        null,
        1,
        null,
        29,
        null,
        null,
        null,
        32,
        null,
        null,
        null,
        1,
        4,
        4,
        null,
        null,
        4,
        0,
        0,
        null,
        0,
        0,
        null,
        null,
        null,
        4,
        4,
        null,
        0,
        null,
        null,
        null,
        null,
        1,
        null,
        null,
        null,
        1,
        0,
        0,
        null,
        0,
        null,
        null,
        null,
        null,
        1,
        0,
        0,
        null,
        null,
        1,
        2,
        null,
        null,
        2,
        0,
        0,
        null,
        null,
        null,
        2,
        null,
        2,
        2,
        0,
        0,
        null,
        null,
        0,
        0,
        null,
        null,
        null,
        null,
        1,
        0,
        null,
        0,
        0,
        0,
        null,
        0,
        null,
        null,
        null,
        null,
        1,
        null,
        null,
        3,
        1,
        1,
        null,
        null,
        2,
        null,
        2,
        2,
        2,
        null,
        null,
        2,
        null,
        null,
        0,
        0,
        0,
        null,
        null,
        0,
        null,
        null,
        0,
        0,
        0,
        0,
        null,
        null,
        0,
        null,
        null,
        null,
        null,
        1,
        null,
        1,
        43,
        43,
        null,
        0,
        null,
        43,
        null,
        null,
        1,
        4,
        null,
        null,
        null,
        null,
        null
      ],
      "/home/nxivon/ESI_2024/app/models/list.rb": [
        1,
        1,
        null,
        null,
        1,
        1,
        1,
        1,
        null,
        null,
        1,
        1,
        null,
        null,
        1,
        0,
        null,
        null,
        1,
        0,
        null,
        null,
        null,
        1,
        2,
        null,
        null,
        2,
        null,
        2,
        null,
        null,
        2,
        6,
        null,
        null,
        null,
        6,
        null,
        null,
        null,
        null,
        null,
        null,
        2,
        null,
        null
      ],
      "/home/nxivon/ESI_2024/app/models/list_share.rb": [
        1,
        1,
        1,
        1,
        null
      ],
      "/home/nxivon/ESI_2024/app/models/item.rb": [
        null,
        1,
        1,
        1,
        null,
        1,
        1,
        1,
        1,
        null,
        null,
        null,
        null,
        null,
        2,
        null,
        null,
        1,
        0,
        null,
        null,
        null,
        1,
        0,
        null,
        null,
        null,
        1,
        0,
        null,
        null
      ],
      "/home/nxivon/ESI_2024/app/controllers/items_controller.rb": [
        1,
        1,
        1,
        1,
        null,
        null,
        null,
        1,
        5,
        5,
        5,
        null,
        null,
        null,
        null,
        1,
        3,
        null,
        3,
        null,
        null,
        null,
        1,
        3,
        3,
        3,
        null,
        3,
        null,
        null,
        0,
        0,
        0,
        null,
        null,
        null,
        1,
        0,
        0,
        0,
        0,
        null,
        null,
        0,
        0,
        0,
        null,
        null,
        null,
        null,
        null,
        1,
        null,
        0,
        0,
        null,
        0,
        0,
        0,
        0,
        null,
        null,
        0,
        0,
        0,
        null,
        null,
        null,
        null,
        null,
        1,
        0,
        0,
        null,
        0,
        0,
        null,
        null,
        null,
        null,
        1,
        0,
        0,
        null,
        null,
        1,
        null,
        null,
        1,
        null,
        0,
        null,
        null,
        1,
        null,
        11,
        null,
        null,
        1,
        3,
        null,
        null
      ],
      "/home/nxivon/ESI_2024/app/controllers/friendships_controller.rb": [
        null,
        1,
        1,
        null,
        1,
        1,
        null,
        null,
        1,
        0,
        null,
        0,
        0,
        0,
        null,
        null,
        0,
        null,
        0,
        0,
        null,
        0,
        null,
        null,
        null,
        1,
        0,
        0,
        0,
        null,
        null
      ],
      "/home/nxivon/ESI_2024/app/models/friendship.rb": [
        null,
        1,
        1,
        1,
        null,
        1,
        1,
        null,
        1,
        null,
        1,
        0,
        null,
        null
      ],
      "/home/nxivon/ESI_2024/app/controllers/home_controller.rb": [
        null,
        1,
        1,
        2,
        0,
        null,
        2,
        null,
        null,
        null
      ],
      "/home/nxivon/ESI_2024/app/channels/application_cable/channel.rb": [
        0,
        0,
        0,
        0
      ],
      "/home/nxivon/ESI_2024/app/channels/application_cable/connection.rb": [
        0,
        0,
        0,
        0
      ],
      "/home/nxivon/ESI_2024/app/controllers/users_controller.rb": [
        null,
        0,
        0,
        0,
        0,
        null,
        0,
        0,
        null,
        0,
        0,
        0,
        0,
        0,
        0,
        0,
        null,
        0,
        null,
        0,
        0,
        0,
        0
      ],
      "/home/nxivon/ESI_2024/app/jobs/application_job.rb": [
        0,
        null,
        null,
        null,
        null,
        null,
        0
      ],
      "/home/nxivon/ESI_2024/app/mailers/application_mailer.rb": [
        0,
        0,
        0,
        0
      ],
      "/home/nxivon/ESI_2024/app/models/tag.rb": [
        0,
        0,
        0,
        null,
        null,
        0,
        0,
        0,
        0
      ],
      "/home/nxivon/ESI_2024/app/models/tagging.rb": [
        0,
        0,
        0,
        0
      ],
      "/home/nxivon/ESI_2024/app/services/criar_multiplas_listas.rb": [
        0,
        null,
        null,
        null,
        0,
        0,
        0,
        0,
        null,
        0,
        0,
        0,
        0,
        0,
        0,
        0,
        0
      ]
    },
    "timestamp": 1765720868
  }
}
