SF:./app/channels/application_cable/channel.rb
DA:1,0
DA:2,0
DA:3,0
DA:4,0
LF:4
LH:0
end_of_record

SF:./app/channels/application_cable/connection.rb
DA:1,0
DA:2,0
DA:3,0
DA:4,0
LF:4
LH:0
end_of_record

SF:./app/controllers/application_controller.rb
DA:2,1
DA:3,1
DA:5,1
DA:7,1
DA:8,3
DA:11,1
DA:12,0
DA:15,1
DA:16,0
DA:17,0
DA:18,0
DA:22,1
DA:23,2
DA:26,1
DA:27,15
DA:30,1
DA:31,12
DA:32,0
DA:33,0
LF:19
LH:13
end_of_record

SF:./app/controllers/friendships_controller.rb
DA:2,1
DA:3,1
DA:5,1
DA:6,0
DA:9,1
DA:10,0
DA:12,0
DA:13,0
DA:14,0
DA:17,0
DA:19,0
DA:20,0
DA:22,0
DA:26,1
DA:27,0
DA:28,0
DA:29,0
LF:17
LH:5
end_of_record

SF:./app/controllers/home_controller.rb
DA:2,1
DA:3,1
DA:4,1
DA:5,0
DA:7,1
LF:5
LH:4
end_of_record

SF:./app/controllers/items_controller.rb
DA:1,1
DA:2,1
DA:3,1
DA:4,1
DA:8,1
DA:9,4
DA:10,4
DA:11,4
DA:16,1
DA:17,0
DA:19,0
DA:23,1
DA:24,0
DA:25,0
DA:26,0
DA:28,0
DA:31,0
DA:32,0
DA:33,0
DA:37,1
DA:38,0
DA:39,0
DA:40,0
DA:41,0
DA:44,0
DA:45,0
DA:46,0
DA:52,1
DA:54,2
DA:55,2
DA:57,2
DA:58,2
DA:59,4
DA:60,2
DA:63,0
DA:64,0
DA:65,0
DA:71,1
DA:72,0
DA:73,0
DA:75,0
DA:76,0
DA:81,1
DA:82,0
DA:83,0
DA:86,1
DA:89,1
DA:91,2
DA:94,1
DA:96,6
DA:99,1
DA:100,0
LF:52
LH:26
end_of_record

SF:./app/controllers/lists_controller.rb
DA:2,1
DA:3,1
DA:5,1
DA:8,1
DA:10,0
DA:11,0
DA:15,1
DA:16,0
DA:20,1
DA:21,4
DA:23,4
DA:25,4
DA:27,1
DA:29,1
DA:31,1
DA:33,1
DA:37,4
DA:41,1
DA:42,0
DA:43,0
DA:46,0
DA:47,0
DA:48,0
DA:50,0
DA:51,0
DA:55,0
DA:56,0
DA:58,0
DA:63,1
DA:67,1
DA:68,0
DA:69,0
DA:71,0
DA:76,1
DA:77,0
DA:78,0
DA:81,1
DA:82,0
DA:85,0
DA:86,0
DA:87,0
DA:91,0
DA:93,0
DA:94,0
DA:95,0
DA:96,0
DA:99,0
DA:100,0
DA:105,1
DA:106,0
DA:108,0
DA:109,0
DA:110,0
DA:112,0
DA:117,1
DA:120,2
DA:121,1
DA:122,1
DA:125,1
DA:127,1
DA:128,1
DA:129,1
DA:132,1
DA:135,0
DA:136,0
DA:137,0
DA:140,0
DA:143,0
DA:144,0
DA:145,0
DA:146,0
DA:149,0
DA:154,1
DA:156,1
DA:157,6
DA:158,6
DA:160,0
DA:162,6
DA:165,1
DA:166,0
LF:80
LH:35
end_of_record

SF:./app/controllers/sessions_controller.rb
DA:2,0
DA:3,0
DA:5,0
DA:7,0
DA:8,0
DA:10,0
DA:11,0
DA:12,0
DA:13,0
DA:14,0
DA:15,0
DA:16,0
DA:17,0
DA:19,0
DA:20,0
DA:21,0
DA:22,0
DA:23,0
LF:18
LH:0
end_of_record

SF:./app/controllers/users_controller.rb
DA:2,0
DA:3,0
DA:4,0
DA:5,0
DA:7,0
DA:8,0
DA:10,0
DA:11,0
DA:12,0
DA:13,0
DA:14,0
DA:15,0
DA:16,0
DA:18,0
DA:20,0
DA:21,0
DA:22,0
DA:23,0
LF:18
LH:0
end_of_record

SF:./app/helpers/application_helper.rb
DA:2,1
DA:3,1
DA:5,0
LF:3
LH:2
end_of_record

SF:./app/helpers/friendships_helper.rb
DA:1,1
LF:1
LH:1
end_of_record

SF:./app/helpers/home_helper.rb
DA:1,1
LF:1
LH:1
end_of_record

SF:./app/helpers/lists_helper.rb
DA:2,1
LF:1
LH:1
end_of_record

SF:./app/jobs/application_job.rb
DA:1,0
DA:7,0
LF:2
LH:0
end_of_record

SF:./app/mailers/application_mailer.rb
DA:1,0
DA:2,0
DA:3,0
DA:4,0
LF:4
LH:0
end_of_record

SF:./app/models/application_record.rb
DA:1,1
DA:2,1
LF:2
LH:2
end_of_record

SF:./app/models/friendship.rb
DA:2,0
DA:3,0
DA:4,0
DA:6,0
DA:7,0
DA:9,0
DA:11,0
DA:12,0
DA:13,0
DA:14,0
LF:10
LH:0
end_of_record

SF:./app/models/item.rb
DA:2,1
DA:3,1
DA:4,1
DA:6,1
DA:7,1
DA:8,1
DA:9,1
DA:15,4
DA:18,1
DA:19,0
DA:23,1
DA:24,0
DA:28,1
DA:29,0
LF:14
LH:11
end_of_record

SF:./app/models/list.rb
DA:1,1
DA:2,1
DA:5,1
DA:6,1
DA:7,1
DA:8,1
DA:11,1
DA:12,1
DA:15,1
DA:16,0
DA:19,1
DA:20,0
DA:24,1
DA:25,4
DA:28,3
DA:30,3
DA:33,3
DA:34,6
DA:38,6
DA:45,3
LF:20
LH:18
end_of_record

SF:./app/models/list_share.rb
DA:1,1
DA:2,1
DA:3,1
DA:4,1
LF:4
LH:4
end_of_record

SF:./app/models/tag.rb
DA:1,0
DA:2,0
DA:3,0
DA:6,0
DA:7,0
DA:8,0
DA:9,0
LF:7
LH:0
end_of_record

SF:./app/models/tagging.rb
DA:1,0
DA:2,0
DA:3,0
DA:4,0
LF:4
LH:0
end_of_record

SF:./app/models/user.rb
DA:2,1
DA:3,1
DA:5,1
DA:6,1
DA:7,1
DA:8,1
DA:10,1
DA:11,1
DA:12,1
DA:13,1
DA:15,1
DA:16,1
LF:12
LH:12
end_of_record

SF:./app/services/criar_multiplas_listas.rb
DA:1,0
DA:5,0
DA:6,0
DA:7,0
DA:8,0
DA:10,0
DA:11,0
DA:12,0
DA:13,0
DA:14,0
DA:15,0
DA:16,0
DA:17,0
LF:13
LH:0
end_of_record

